<?xml version="1.0" encoding="UTF-8"?>
<robot generator="Robot 7.0 (Python 3.12.3 on linux)" generated="2024-04-30T15:28:19.115416" rpa="false" schemaversion="5">
<suite id="s1" name="Tests" source="/home/sami/serverestetestegit/tests">
<suite id="s1-s1" name="Teste Serverest" source="/home/sami/serverestetestegit/tests/teste_serverest.robot">
<test id="s1-s1-t1" name="CT01 - Cadastro" line="7">
<kw name="abrir navegador" owner="serverest" type="SETUP">
<kw name="Open Browser" owner="SeleniumLibrary">
<msg time="2024-04-30T15:28:19.227725" level="INFO">Opening browser 'headlesschrome' to base url 'None'.</msg>
<arg>browser=headlesschrome</arg>
<doc>Opens a new browser instance to the optional ``url``.</doc>
<status status="PASS" start="2024-04-30T15:28:19.227548" elapsed="0.901592"/>
</kw>
<kw name="Maximize Browser Window" owner="SeleniumLibrary">
<doc>Maximizes current browser window.</doc>
<status status="PASS" start="2024-04-30T15:28:20.129318" elapsed="0.014808"/>
</kw>
<status status="PASS" start="2024-04-30T15:28:19.226894" elapsed="0.917372"/>
</kw>
<kw name="Passo 1 - acessar a página de login" owner="serverest">
<kw name="Go To" owner="SeleniumLibrary">
<msg time="2024-04-30T15:28:20.145027" level="INFO">Opening url 'https://front.serverest.dev/login'</msg>
<arg>url=${url}</arg>
<doc>Navigates the current browser window to the provided ``url``.</doc>
<status status="PASS" start="2024-04-30T15:28:20.144850" elapsed="2.441113"/>
</kw>
<status status="PASS" start="2024-04-30T15:28:20.144559" elapsed="2.441516"/>
</kw>
<kw name="Passo 2 - clicar em cadastra-se" owner="serverest">
<kw name="Wait Until Element Is Visible" owner="SeleniumLibrary">
<arg>locator=${buttoncadastratar}</arg>
<doc>Waits until the element ``locator`` is visible.</doc>
<status status="PASS" start="2024-04-30T15:28:22.586534" elapsed="0.019503"/>
</kw>
<kw name="Click Element" owner="SeleniumLibrary">
<msg time="2024-04-30T15:28:22.608968" level="INFO">Clicking element '//a[@data-testid='cadastrar'][contains(.,'Cadastre-se')]'.</msg>
<arg>locator=${buttoncadastratar}</arg>
<doc>Click the element identified by ``locator``.</doc>
<status status="PASS" start="2024-04-30T15:28:22.607637" elapsed="0.101236"/>
</kw>
<status status="PASS" start="2024-04-30T15:28:22.586306" elapsed="0.122716"/>
</kw>
<kw name="Passo 3 - digitar um nome" owner="serverest">
<kw name="Wait Until Element Is Visible" owner="SeleniumLibrary">
<arg>locator=${nomeInput}</arg>
<doc>Waits until the element ``locator`` is visible.</doc>
<status status="PASS" start="2024-04-30T15:28:22.709812" elapsed="0.017324"/>
</kw>
<kw name="Input Text" owner="SeleniumLibrary">
<msg time="2024-04-30T15:28:22.728157" level="INFO">Typing text 'Sami Lily' into text field 'id:nome'.</msg>
<arg>locator=${nomeInput}</arg>
<arg>text=Sami Lily</arg>
<doc>Types the given ``text`` into the text field identified by ``locator``.</doc>
<status status="PASS" start="2024-04-30T15:28:22.727497" elapsed="0.077293"/>
</kw>
<kw name="Generate Random String" owner="String">
<msg time="2024-04-30T15:28:22.805206" level="INFO">${palavra_randomica} = FNUmLJuL</msg>
<var>${palavra_randomica}</var>
<arg>8</arg>
<arg>chars=[LETTERS]</arg>
<doc>Generates a string with a desired ``length`` from the given ``chars``.</doc>
<status status="PASS" start="2024-04-30T15:28:22.804958" elapsed="0.000275"/>
</kw>
<kw name="Convert To Lower Case" owner="String">
<msg time="2024-04-30T15:28:22.805465" level="INFO">${palavra_randomica} = fnumljul</msg>
<var>${palavra_randomica}</var>
<arg>${palavra_randomica}</arg>
<doc>Converts string to lower case.</doc>
<status status="PASS" start="2024-04-30T15:28:22.805331" elapsed="0.000157"/>
</kw>
<kw name="Set Test Variable" owner="BuiltIn">
<msg time="2024-04-30T15:28:22.806560" level="INFO">${EMAIL_TEST} = fnumljul@hotmail.com</msg>
<arg>${EMAIL_TEST}</arg>
<arg>${palavra_randomica}@hotmail.com</arg>
<doc>Makes a variable available everywhere within the scope of the current test.</doc>
<status status="PASS" start="2024-04-30T15:28:22.805610" elapsed="0.001025"/>
</kw>
<kw name="Log" owner="BuiltIn">
<msg time="2024-04-30T15:28:22.806963" level="INFO">fnumljul@hotmail.com</msg>
<arg>${EMAIL_TEST}</arg>
<doc>Logs the given message with the given level.</doc>
<status status="PASS" start="2024-04-30T15:28:22.806784" elapsed="0.000222"/>
</kw>
<status status="PASS" start="2024-04-30T15:28:22.709337" elapsed="0.097729"/>
</kw>
<kw name="Passo 4 - digitar email" owner="serverest">
<kw name="Wait Until Element Is Visible" owner="SeleniumLibrary">
<arg>locator=${emailInput}</arg>
<doc>Waits until the element ``locator`` is visible.</doc>
<status status="PASS" start="2024-04-30T15:28:22.807484" elapsed="0.015112"/>
</kw>
<kw name="Input Text" owner="SeleniumLibrary">
<msg time="2024-04-30T15:28:22.823866" level="INFO">Typing text 'fnumljul@hotmail.com' into text field 'id:email'.</msg>
<arg>locator=${emailInput}</arg>
<arg>text=${EMAIL_TEST}</arg>
<doc>Types the given ``text`` into the text field identified by ``locator``.</doc>
<status status="PASS" start="2024-04-30T15:28:22.823047" elapsed="0.076405"/>
</kw>
<status status="PASS" start="2024-04-30T15:28:22.807253" elapsed="0.092301"/>
</kw>
<kw name="Passo 5 - digitar senha" owner="serverest">
<kw name="Wait Until Element Is Visible" owner="SeleniumLibrary">
<arg>locator=${senhaInut}</arg>
<doc>Waits until the element ``locator`` is visible.</doc>
<status status="PASS" start="2024-04-30T15:28:22.899992" elapsed="0.013667"/>
</kw>
<kw name="Input Password" owner="SeleniumLibrary">
<msg time="2024-04-30T15:28:22.914153" level="INFO">Typing password into text field 'id:password'.</msg>
<msg time="2024-04-30T15:28:22.936387" level="INFO">Temporally setting log level to: NONE</msg>
<arg>locator=${senhaInut}</arg>
<arg>password=123LILy@</arg>
<doc>Types the given password into the text field identified by ``locator``.</doc>
<status status="PASS" start="2024-04-30T15:28:22.913822" elapsed="0.055377"/>
</kw>
<status status="PASS" start="2024-04-30T15:28:22.899750" elapsed="0.069547"/>
</kw>
<kw name="Passo 6 - escolher perfil admin" owner="serverest">
<kw name="Wait Until Element Is Visible" owner="SeleniumLibrary">
<arg>locator=${selectbox}</arg>
<doc>Waits until the element ``locator`` is visible.</doc>
<status status="PASS" start="2024-04-30T15:28:22.969713" elapsed="0.013556"/>
</kw>
<kw name="Select Checkbox" owner="SeleniumLibrary">
<msg time="2024-04-30T15:28:22.983667" level="INFO">Selecting checkbox 'id:administrador'.</msg>
<arg>locator=${selectbox}</arg>
<doc>Selects the checkbox identified by ``locator``.</doc>
<status status="PASS" start="2024-04-30T15:28:22.983439" elapsed="0.054400"/>
</kw>
<status status="PASS" start="2024-04-30T15:28:22.969495" elapsed="0.068457"/>
</kw>
<kw name="Passo 7 - clicar em cadastra-se" owner="serverest">
<kw name="Wait Until Element Is Visible" owner="SeleniumLibrary">
<arg>locator=${cadastrase}</arg>
<doc>Waits until the element ``locator`` is visible.</doc>
<status status="PASS" start="2024-04-30T15:28:23.038360" elapsed="0.013770"/>
</kw>
<kw name="Click Button" owner="SeleniumLibrary">
<msg time="2024-04-30T15:28:23.053248" level="INFO">Clicking button '//button[@data-testid='cadastrar'][contains(.,'Cadastrar')]'.</msg>
<arg>locator=${cadastrase}</arg>
<doc>Clicks the button identified by ``locator``.</doc>
<status status="PASS" start="2024-04-30T15:28:23.052596" elapsed="0.048960"/>
</kw>
<status status="PASS" start="2024-04-30T15:28:23.038141" elapsed="0.063513"/>
</kw>
<kw name="fechar navegador" owner="serverest" type="TEARDOWN">
<kw name="Close Browser" owner="SeleniumLibrary">
<doc>Closes the current browser.</doc>
<status status="PASS" start="2024-04-30T15:28:23.102109" elapsed="0.061138"/>
</kw>
<status status="PASS" start="2024-04-30T15:28:23.101902" elapsed="0.061456"/>
</kw>
<status status="PASS" start="2024-04-30T15:28:19.226431" elapsed="3.937059"/>
</test>
<status status="PASS" start="2024-04-30T15:28:19.132035" elapsed="4.031923"/>
</suite>
<status status="PASS" start="2024-04-30T15:28:19.116016" elapsed="4.048392"/>
</suite>
<statistics>
<total>
<stat pass="1" fail="0" skip="0">All Tests</stat>
</total>
<tag>
</tag>
<suite>
<stat pass="1" fail="0" skip="0" id="s1" name="Tests">Tests</stat>
<stat pass="1" fail="0" skip="0" id="s1-s1" name="Teste Serverest">Tests.Teste Serverest</stat>
</suite>
</statistics>
<errors>
</errors>
</robot>
